<?xml version="1.0" encoding="UTF-8" ?>
<testsuite errors="0" failures="0" hostname="kevin-PC" name="junit.AllTests" tests="30" time="1.514" timestamp="2011-12-11T13:20:03">
  <properties>
[...]
</properties>
  <testcase classname="junit.logic.CalculateControllTest" name="testCalculateDue" time="0.0030" />
  <testcase classname="junit.logic.CalculateControllTest" name="testOverflow" time="0.0" />
  <testcase classname="junit.logic.ListOperationTest" name="testDeleteGoods" time="0.012" />
  <testcase classname="junit.logic.ListOperationTest" name="testAddGoods" time="0.0050" />
  <testcase classname="junit.logic.SaveInfoControllTest" name="test" time="0.0010" />
  <testcase classname="junit.logic.SearchBillTest" name="testSearchBill" time="0.033" />
  <testcase classname="junit.logic.SearchBillTest" name="testGetBills" time="0.021" />
  <testcase classname="junit.logic.SearchBillTest" name="testSearchBillControll" time="0.0090" />
  <testcase classname="junit.logic.SearchGoodsTest" name="testSearchGoodsControll" time="0.0060" />
  <testcase classname="junit.logic.SearchGoodsTest" name="testGetGoodsList" time="0.0050" />
  <testcase classname="junit.logic.SearchGoodsTest" name="testSearchGood" time="0.0050" />
  <testcase classname="junit.logic.SearchUserTest" name="testSearchSalesman" time="0.0" />
  <testcase classname="junit.DataOperation.GetDataTest" name="testGetGoodsList" time="0.0030" />
  <testcase classname="junit.DataOperation.GetDataTest" name="testGetSalesmans" time="0.0" />
  <testcase classname="junit.DataOperation.GetDataTest" name="testGetGMList" time="0.0" />
  <testcase classname="junit.DataOperation.GetDataTest" name="testGetSMList" time="0.0" />
  <testcase classname="junit.DataOperation.GetDataTest" name="testGetAmountOnSaleStraList" time="0.0020" />
  <testcase classname="junit.DataOperation.GetDataTest" name="testGetGoodsOnSaleStraList" time="0.0" />
  <testcase classname="junit.DataOperation.GetDataTest" name="testGetGoodsGiftStralist" time="0.0010" />
  <testcase classname="junit.DataOperation.GetDataTest" name="testGetAmountGiftStralist" time="0.0010" />
  <testcase classname="junit.DataOperation.GetDataTest" name="testGetVIPList" time="0.0020" />
  <testcase classname="junit.DataOperation.GetDataTest" name="testGetBillList" time="0.0090" />
  <testcase classname="junit.DataOperation.SaveDataTest" name="test" time="0.0" />
  <testcase classname="junit.view.IndividualPanelTest" name="test" time="0.0" />
  <testcase classname="junit.view.LoginPanelTest" name="test" time="0.039" />
  <testcase classname="junit.view.MainFrameTest" name="testMain" time="0.086" />
  <testcase classname="junit.view.ReturnGoodsPanelTest" name="test" time="0.0020" />
  <testcase classname="junit.view.SalesmanIndividualPanelTest" name="test" time="0.0050" />
  <testcase classname="junit.view.SalesmanLoginPanelTest" name="test" time="1.193" />
  <testcase classname="junit.view.SellGoodsPanelTest" name="test" time="0.0010" />
  <system-out><![CDATA[]]></system-out>
  <system-err><![CDATA[]]></system-err>
</testsuite>
