<?xml version="1.0" encoding="UTF-8" ?>
<testsuite errors="0" failures="0" hostname="EKTN8V5XZMRR8XN" name="JUnit.AllTests" tests="50" time="0.776" timestamp="2011-12-11T07:56:37">
  <properties>
[...]
</properties>
  <testcase classname="JUnit.Controlers.CheckGoodsControlerTest" name="testAnalyseStorage" time="0.016" />
  <testcase classname="JUnit.Controlers.Input_GoodsControlerTest" name="testAddGoods" time="0.01" />
  <testcase classname="JUnit.Controlers.Input_GoodsControlerTest" name="testGetStored_goods" time="0.0050" />
  <testcase classname="JUnit.Controlers.Output_GoodsControlerTest" name="testSearchByType" time="0.0090" />
  <testcase classname="JUnit.Controlers.Output_GoodsControlerTest" name="testSearchByID" time="0.0080" />
  <testcase classname="JUnit.Controlers.Output_GoodsControlerTest" name="testSearchByPrice" time="0.0070" />
  <testcase classname="JUnit.Controlers.Output_GoodsControlerTest" name="testSearchByNumber" time="0.0060" />
  <testcase classname="JUnit.Controlers.Output_GoodsControlerTest" name="testDeleteGoods" time="0.01" />
  <testcase classname="JUnit.Controlers.Output_GoodsControlerTest" name="testSearchGifts" time="0.0060" />
  <testcase classname="JUnit.Controlers.CheckVIPControlerTest" name="testSearchVIPByID" time="0.014" />
  <testcase classname="JUnit.Controlers.CheckVIPControlerTest" name="testSearchVIPByLevel" time="0.0030" />
  <testcase classname="JUnit.Controlers.CheckVIPControlerTest" name="testSearchVIPByName" time="0.0020" />
  <testcase classname="JUnit.Controlers.CheckVIPControlerTest" name="testGeneralSearch" time="0.0030" />
  <testcase classname="JUnit.Controlers.CountVIPControlerTest" name="testCountByGrade" time="0.0030" />
  <testcase classname="JUnit.Controlers.CountVIPControlerTest" name="testCountByPoint" time="0.0010" />
  <testcase classname="JUnit.Controlers.DevelopVIPControlerTest" name="testAddVIPs" time="0.0040" />
  <testcase classname="JUnit.Controlers.DevelopVIPControlerTest" name="testGetPresentNum" time="0.0010" />
  <testcase classname="JUnit.Controlers.GiveGiftControlerTest" name="testSearchGiftVIP" time="0.0060" />
  <testcase classname="JUnit.Controlers.GiveGiftControlerTest" name="testSearchGift" time="0.0070" />
  <testcase classname="JUnit.Controlers.GiveGiftControlerTest" name="testGiveGift" time="0.0070" />
  <testcase classname="JUnit.DataOperation.GetDataTest" name="testGetSalesmans" time="0.0020" />
  <testcase classname="JUnit.DataOperation.GetDataTest" name="testGetGoods" time="0.0030" />
  <testcase classname="JUnit.DataOperation.GetDataTest" name="testGetVIPs" time="0.0010" />
  <testcase classname="JUnit.DataOperation.GetDataTest" name="testGetAmountGiftStralist" time="0.0020" />
  <testcase classname="JUnit.DataOperation.GetDataTest" name="testGetAmountOnSaleStraList" time="0.0020" />
  <testcase classname="JUnit.DataOperation.GetDataTest" name="testGetGoodsGiftStralist" time="0.0010" />
  <testcase classname="JUnit.DataOperation.GetDataTest" name="testGetGoodsOnSaleStraList" time="0.0020" />
  <testcase classname="JUnit.DataOperation.SaveDataTest" name="testSaveGoodsInfo" time="0.01" />
  <testcase classname="JUnit.DataOperation.SaveDataTest" name="testSaveVIPInfo" time="0.0080" />
  <testcase classname="JUnit.DataOperation.SaveDataTest" name="testSaveSalesmanInfo" time="0.0080" />
  <testcase classname="JUnit.DataOperation.SaveDataTest" name="testSaveAmountGiftStra" time="0.0080" />
  <testcase classname="JUnit.DataOperation.SaveDataTest" name="testSaveAmountOnSaleStra" time="0.0070" />
  <testcase classname="JUnit.DataOperation.SaveDataTest" name="testSaveGoodsGiftStra" time="0.0070" />
  <testcase classname="JUnit.DataOperation.SaveDataTest" name="testSaveGoodsOnSaleStra" time="0.0070" />
  <testcase classname="JUnit.server.GUI.StoreServerTest" name="testMain" time="0.189" />
  <testcase classname="JUnit.server.GUI.LoginPanelTest" name="testShowPanel" time="0.039" />
  <testcase classname="JUnit.server.GUI.StoreManagerLoginPanelTest" name="testShowPanel" time="0.0030" />
  <testcase classname="JUnit.server.GUI.StoreManagerIndividualPanelTest" name="testShowPanel" time="0.145" />
  <testcase classname="JUnit.server.GUI.GoodsManagePanelTest" name="testShowPanel" time="0.024" />
  <testcase classname="JUnit.server.GUI.CheckGoodsPanelTest" name="testShowPanel" time="0.0020" />
  <testcase classname="JUnit.server.GUI.CheckGoodsPanelTest" name="testCheckGoodsPanel" time="0.0" />
  <testcase classname="JUnit.server.GUI.InputGoodsPanelTest" name="testShowPanel" time="0.017" />
  <testcase classname="JUnit.server.GUI.OutputGoodsPanelTest" name="testShowPanel" time="0.0070" />
  <testcase classname="JUnit.server.GUI.VIPManagePanelTest" name="testShowPanel" time="0.026" />
  <testcase classname="JUnit.server.GUI.CheckVIPPanelTest" name="testShowPanel" time="0.0020" />
  <testcase classname="JUnit.server.GUI.CountVIPPanelTest" name="testShowPanel" time="0.0040" />
  <testcase classname="JUnit.server.GUI.DevelopVIPPanelTest" name="testShowPanel" time="0.011" />
  <testcase classname="JUnit.server.GUI.GiveGiftPanelTest" name="testShowPanel" time="0.0050" />
  <testcase classname="JUnit.server.GUI.NetConnectPanelTest" name="testShowPanel" time="0.0010" />
  <testcase classname="JUnit.server.GUI.ConnectClientPanelTest" name="testShowPanel" time="0.0020" />
  <system-out><![CDATA[]]></system-out>
  <system-err><![CDATA[]]></system-err>
</testsuite>
